var x = 100;
undefined
typeof x;
"number"
var temp  = [27, 31, 39, 37, 31, 18, 23, 21];
undefined
temp[0];
27
temp[1]
31
var temp2 = {"delhi":27, "mumbai":31};
undefined
temp2["delhi"]
27
typeof temp;
"object"
typeof temp2;
"object"
temp instanceof Array;
true
temp2 instanceof Array;
false
temp;
(8) [27, 31, 39, 37, 31, 18, 23, 21]
temp=null;
null
temp;
null
temp[0];
VM492:1 Uncaught TypeError: Cannot read property '0' of null
    at <anonymous>:1:5
(anonymous) @ VM492:1
var temp  = [27, 31, 39, 37, 31, 18, 23, 21];
undefined
typeof temp;
"object"
temp instanceof Array;
true
temp = null;
null
typeof temp;
"object"
temp instanceof Array;
false
var a = {};
undefined
typeof a;
"object"
a instanceof Array;
false
a instanceof Object;
true
var b = [1,2,3,4];
undefined
b instanceof Array;
true
b instanceof Object;
true
var f = {};
undefined
f instanceof Object;
true
var f1;
undefined
typeof f1;
"undefined"
var ff = null;
undefined
typeof ff;
"object"
typeof null;
"object"
typeof undefined;
"undefined"
1000 + undefined;
NaN
1000 * undefined;
NaN
1000 + null;
1000
1000 * null;
0
undefined ==null
true
100 == "100"
true
100 === "100"
false
100 ===100
true
undefined === null;
false
var x = 1000;
undefined
var y = 1000;
undefined
var y = x;
undefined
++y;
1001
y;
1001
x;
1000
y.toLocaleString('hi-IN');
"1,001"
y;
1001
var dd = [10,20,30];
undefined
var ee =dd;
undefined
ee;
(3) [10, 20, 30]
dd;
(3) [10, 20, 30]
ee[0] = 45354;
45354
ee;
(3) [45354, 20, 30]0: 453541: 202: 30length: 3__proto__: Array(0)
dd;
(3) [45354, 20, 30]
var x = [100];
undefined
var z = x;
undefined
var fff = [10,20,30,40,50];
undefined
var f2 = [];
for(let i = 0;i<fff.length; i++){
    f2.push(fff[i]);
}
5
var g = fff;
undefined
g=== fff;
true
f2 === fff;
false
fff;
(5) [10, 20, 30, 40, 50]
g;
(5) [10, 20, 30, 40, 50]
g[0] =1111;
1111
g;
(5) [1111, 20, 30, 40, 50]
fff;
(5) [1111, 20, 30, 40, 50]
f2;
(5) [10, 20, 30, 40, 50]
f2[0] = 5555;
5555
f2;
(5) [5555, 20, 30, 40, 50]
fff;
(5) [1111, 20, 30, 40, 50]
g;
(5) [1111, 20, 30, 40, 50]
var v = [1,2,3,4,5];
undefined
typeof v;
"object"
v.length
5
v.push(10000);
6
v;
(6) [1, 2, 3, 4, 5, 10000]
v.pop();
10000
v;
(5) [1, 2, 3, 4, 5]
var dd = 'Hello';
undefined
typeof dd;
"string"
dd.toUpperCase();
"HELLO"
var price = 90909.000;
undefined
price.toLocaleString('hi-IN');
"90,909"
price.toLocaleString('fr-FR');
"90 909"
var e = new String("Hello");
undefined
e;
String {"Hello"}
var f = "Hello";
undefined
f;
"Hello"
typeof e;
"object"
typeof f;
"string"
var g1 = new Number(10000);
undefined
g1;
Number {10000}
var g2 = 9999;
undefined
g2;
9999
typeof g1;
"object"
typeof g2;
"number"
g2.toLocaleString('hi-IN');
"9,999"
g2;
9999
var arr = [1000,2000,3000,4000];
undefined
var arr2 =[...arr];
undefined
arr2;
(4) [1000, 2000, 3000, 4000]
arr;
(4) [1000, 2000, 3000, 4000]
arr2=== arr;
false
arr2[0] = 543543;
543543
arr2;
(4) [543543, 2000, 3000, 4000]
arr;
(4) [1000, 2000, 3000, 4000]
var arr3 = arr;
undefined
arr;
(4) [1000, 2000, 3000, 4000]
arr3;
(4) [1000, 2000, 3000, 4000]
arr === arr3;
true
arr === arr2;
false
arr3[0]=11111111;
11111111
arr;
(4) [11111111, 2000, 3000, 4000]
var t = Object.assign(arr);
undefined
t;
(4) [11111111, 2000, 3000, 4000]
arr;
(4) [11111111, 2000, 3000, 4000]
t[0] =22222;
22222
arr;
(4) [22222, 2000, 3000, 4000]
var t = Object.assign([],arr);
undefined
t;
(4) [22222, 2000, 3000, 4000]
arr;
(4) [22222, 2000, 3000, 4000]
t === arr;
false
t[0]=4343;
4343
arr;
(4) [22222, 2000, 3000, 4000]
var a = [10,20,30];
undefined
var b = [90,100,2000];
undefined
var c = Object.assign([], a, b);
undefined
c;
(3) [90, 100, 2000]
var c = [...a,...b];
undefined
c;
(6) [10, 20, 30, 90, 100, 2000]
c;
(6) [10, 20, 30, 90, 100, 2000]
c instanceof Array;
true
typeof Array;
"function"
c instanceof Object;
true
typeof Object;
"function"
